<?xml version="1.0" encoding="UTF-8"?>
<!-- Generated by org.testng.reporters.JUnitReportReporter -->
<testsuite hostname="LAPTOP-89MB722U" name="com.vend.testcases.TC_01_Manager_Creation_Verification" tests="1" failures="0" timestamp="22 May 2019 09:27:59 GMT" time="334.556" errors="0">
  <testcase name="create_User_Manager" time="334.556" classname="com.vend.testcases.TC_01_Manager_Creation_Verification"/>
</testsuite> <!-- com.vend.testcases.TC_01_Manager_Creation_Verification -->
